2025-10-20 03:31:28,365 - aqt.main - INFO - installer 140400368343936 aqtinstall(aqt) v3.1.21 on Python 3.12.12 [CPython GCC 13.3.0]
2025-10-20 03:31:28,638 - aqt.main - INFO - installer 140005201763200 aqtinstall(aqt) v3.1.21 on Python 3.12.12 [CPython GCC 13.3.0]
2025-10-20 03:31:28,639 - aqt.helper - DEBUG - helper 140005201763200 Attempt to download checksum at https://download.qt.io/online/qtsdkrepository/linux_x64/desktop/qt6_683/qt6_683/Updates.xml.sha256
2025-10-20 03:31:30,057 - aqt.helper - DEBUG - helper 140005201763200 Attempt to download checksum at https://download.qt.io/online/qtsdkrepository/linux_x64/extensions/qtwebengine/683/x86_64/Updates.xml.sha256
2025-10-20 03:31:31,458 - aqt.archives - INFO - archives 140005201763200 Found extension qtwebengine
2025-10-20 03:31:31,458 - aqt.helper - DEBUG - helper 140005201763200 Attempt to download checksum at https://download.qt.io/online/qtsdkrepository/linux_x64/extensions/qtpdf/683/x86_64/Updates.xml.sha256
2025-10-20 03:31:32,913 - aqt.archives - INFO - archives 140005201763200 Found extension qtpdf
2025-10-20 03:31:33,728 - aqt.helper - DEBUG - helper 139856683469696 Attempt to download checksum at https://download.qt.io/online/qtsdkrepository/linux_x64/desktop/qt6_683/qt6_683/qt.qt6.683.linux_gcc_64/6.8.3-0-202503201345qtbase-Linux-RHEL_8_10-GCC-Linux-RHEL_8_10-X86_64.7z.sha256
2025-10-20 03:31:33,730 - aqt.helper - DEBUG - helper 139946949122944 Attempt to download checksum at https://download.qt.io/online/qtsdkrepository/linux_x64/desktop/qt6_683/qt6_683/qt.qt6.683.linux_gcc_64/6.8.3-0-202503201345qtsvg-Linux-RHEL_8_10-GCC-Linux-RHEL_8_10-X86_64.7z.sha256
2025-10-20 03:31:33,741 - aqt.helper - DEBUG - helper 140521807932288 Attempt to download checksum at https://download.qt.io/online/qtsdkrepository/linux_x64/desktop/qt6_683/qt6_683/qt.qt6.683.linux_gcc_64/6.8.3-0-202503201345qtdeclarative-Linux-RHEL_8_10-GCC-Linux-RHEL_8_10-X86_64.7z.sha256
2025-10-20 03:31:33,744 - aqt.helper - DEBUG - helper 140338227379072 Attempt to download checksum at https://download.qt.io/online/qtsdkrepository/linux_x64/desktop/qt6_683/qt6_683/qt.qt6.683.linux_gcc_64/6.8.3-0-202503201345qttools-Linux-RHEL_8_10-GCC-Linux-RHEL_8_10-X86_64.7z.sha256
2025-10-20 03:31:34,345 - aqt.helper - INFO - helper 139946949122944 Downloading qtsvg...
2025-10-20 03:31:34,345 - aqt.installer - DEBUG - installer 139946949122944 Download URL: https://download.qt.io/online/qtsdkrepository/linux_x64/desktop/qt6_683/qt6_683/qt.qt6.683.linux_gcc_64/6.8.3-0-202503201345qtsvg-Linux-RHEL_8_10-GCC-Linux-RHEL_8_10-X86_64.7z
2025-10-20 03:31:34,359 - aqt.helper - INFO - helper 140521807932288 Downloading qtdeclarative...
2025-10-20 03:31:34,358 - aqt.helper - INFO - helper 139856683469696 Downloading qtbase...
2025-10-20 03:31:34,359 - aqt.installer - DEBUG - installer 140521807932288 Download URL: https://download.qt.io/online/qtsdkrepository/linux_x64/desktop/qt6_683/qt6_683/qt.qt6.683.linux_gcc_64/6.8.3-0-202503201345qtdeclarative-Linux-RHEL_8_10-GCC-Linux-RHEL_8_10-X86_64.7z
2025-10-20 03:31:34,359 - aqt.installer - DEBUG - installer 139856683469696 Download URL: https://download.qt.io/online/qtsdkrepository/linux_x64/desktop/qt6_683/qt6_683/qt.qt6.683.linux_gcc_64/6.8.3-0-202503201345qtbase-Linux-RHEL_8_10-GCC-Linux-RHEL_8_10-X86_64.7z
2025-10-20 03:31:34,417 - aqt.helper - INFO - helper 140338227379072 Downloading qttools...
2025-10-20 03:31:34,417 - aqt.installer - DEBUG - installer 140338227379072 Download URL: https://download.qt.io/online/qtsdkrepository/linux_x64/desktop/qt6_683/qt6_683/qt.qt6.683.linux_gcc_64/6.8.3-0-202503201345qttools-Linux-RHEL_8_10-GCC-Linux-RHEL_8_10-X86_64.7z
2025-10-20 03:31:35,052 - aqt.helper - DEBUG - helper 140338227379072 Asked to redirect(302) to: https://qt-mirror.dannhauer.de/online/qtsdkrepository/linux_x64/desktop/qt6_683/qt6_683/qt.qt6.683.linux_gcc_64/6.8.3-0-202503201345qttools-Linux-RHEL_8_10-GCC-Linux-RHEL_8_10-X86_64.7z
2025-10-20 03:31:35,052 - aqt.helper - INFO - helper 140338227379072 Redirected: qt-mirror.dannhauer.de
2025-10-20 03:31:35,057 - aqt.helper - DEBUG - helper 139856683469696 Asked to redirect(302) to: https://qt-mirror.dannhauer.de/online/qtsdkrepository/linux_x64/desktop/qt6_683/qt6_683/qt.qt6.683.linux_gcc_64/6.8.3-0-202503201345qtbase-Linux-RHEL_8_10-GCC-Linux-RHEL_8_10-X86_64.7z
2025-10-20 03:31:35,057 - aqt.helper - INFO - helper 139856683469696 Redirected: qt-mirror.dannhauer.de
2025-10-20 03:31:35,120 - aqt.helper - DEBUG - helper 140521807932288 Asked to redirect(302) to: https://qt-mirror.dannhauer.de/online/qtsdkrepository/linux_x64/desktop/qt6_683/qt6_683/qt.qt6.683.linux_gcc_64/6.8.3-0-202503201345qtdeclarative-Linux-RHEL_8_10-GCC-Linux-RHEL_8_10-X86_64.7z
2025-10-20 03:31:35,121 - aqt.helper - DEBUG - helper 139946949122944 Asked to redirect(302) to: https://qt-mirror.dannhauer.de/online/qtsdkrepository/linux_x64/desktop/qt6_683/qt6_683/qt.qt6.683.linux_gcc_64/6.8.3-0-202503201345qtsvg-Linux-RHEL_8_10-GCC-Linux-RHEL_8_10-X86_64.7z
2025-10-20 03:31:35,121 - aqt.helper - INFO - helper 140521807932288 Redirected: qt-mirror.dannhauer.de
2025-10-20 03:31:35,121 - aqt.helper - INFO - helper 139946949122944 Redirected: qt-mirror.dannhauer.de
2025-10-20 03:31:36,235 - aqt.installer - INFO - installer 139946949122944 Finished installation of qtsvg-Linux-RHEL_8_10-GCC-Linux-RHEL_8_10-X86_64.7z in 2.50754061
2025-10-20 03:31:36,245 - aqt.helper - DEBUG - helper 139946949122944 Attempt to download checksum at https://download.qt.io/online/qtsdkrepository/linux_x64/desktop/qt6_683/qt6_683/qt.qt6.683.linux_gcc_64/6.8.3-0-202503201345qttranslations-Linux-RHEL_8_10-GCC-Linux-RHEL_8_10-X86_64.7z.sha256
2025-10-20 03:31:36,857 - aqt.helper - INFO - helper 139946949122944 Downloading qttranslations...
2025-10-20 03:31:36,858 - aqt.installer - DEBUG - installer 139946949122944 Download URL: https://download.qt.io/online/qtsdkrepository/linux_x64/desktop/qt6_683/qt6_683/qt.qt6.683.linux_gcc_64/6.8.3-0-202503201345qttranslations-Linux-RHEL_8_10-GCC-Linux-RHEL_8_10-X86_64.7z
2025-10-20 03:31:37,393 - aqt.helper - DEBUG - helper 139946949122944 Asked to redirect(302) to: https://qt-mirror.dannhauer.de/online/qtsdkrepository/linux_x64/desktop/qt6_683/qt6_683/qt.qt6.683.linux_gcc_64/6.8.3-0-202503201345qttranslations-Linux-RHEL_8_10-GCC-Linux-RHEL_8_10-X86_64.7z
2025-10-20 03:31:37,394 - aqt.helper - INFO - helper 139946949122944 Redirected: qt-mirror.dannhauer.de
2025-10-20 03:31:38,734 - aqt.installer - INFO - installer 139946949122944 Finished installation of qttranslations-Linux-RHEL_8_10-GCC-Linux-RHEL_8_10-X86_64.7z in 2.49063458
2025-10-20 03:31:38,747 - aqt.helper - DEBUG - helper 139946949122944 Attempt to download checksum at https://download.qt.io/online/qtsdkrepository/linux_x64/desktop/qt6_683/qt6_683/qt.qt6.683.linux_gcc_64/6.8.3-0-202503201345qtwayland-Linux-RHEL_8_10-GCC-Linux-RHEL_8_10-X86_64.7z.sha256
2025-10-20 03:31:39,475 - aqt.helper - INFO - helper 139946949122944 Downloading qtwayland...
2025-10-20 03:31:39,476 - aqt.installer - DEBUG - installer 139946949122944 Download URL: https://download.qt.io/online/qtsdkrepository/linux_x64/desktop/qt6_683/qt6_683/qt.qt6.683.linux_gcc_64/6.8.3-0-202503201345qtwayland-Linux-RHEL_8_10-GCC-Linux-RHEL_8_10-X86_64.7z
2025-10-20 03:31:40,182 - aqt.helper - DEBUG - helper 139946949122944 Asked to redirect(302) to: https://qt-mirror.dannhauer.de/online/qtsdkrepository/linux_x64/desktop/qt6_683/qt6_683/qt.qt6.683.linux_gcc_64/6.8.3-0-202503201345qtwayland-Linux-RHEL_8_10-GCC-Linux-RHEL_8_10-X86_64.7z
2025-10-20 03:31:40,183 - aqt.helper - INFO - helper 139946949122944 Redirected: qt-mirror.dannhauer.de
2025-10-20 03:31:40,558 - aqt.installer - INFO - installer 140338227379072 Finished installation of qttools-Linux-RHEL_8_10-GCC-Linux-RHEL_8_10-X86_64.7z in 6.81489510
2025-10-20 03:31:40,569 - aqt.helper - DEBUG - helper 140338227379072 Attempt to download checksum at https://download.qt.io/online/qtsdkrepository/linux_x64/desktop/qt6_683/qt6_683/qt.qt6.683.linux_gcc_64/6.8.3-0-202503201345icu-linux-Rhel8.6-x86_64.7z.sha256
2025-10-20 03:31:40,772 - aqt.installer - INFO - installer 139856683469696 Finished installation of qtbase-Linux-RHEL_8_10-GCC-Linux-RHEL_8_10-X86_64.7z in 7.04653008
2025-10-20 03:31:41,176 - aqt.helper - INFO - helper 140338227379072 Downloading icu...
2025-10-20 03:31:41,176 - aqt.installer - DEBUG - installer 140338227379072 Download URL: https://download.qt.io/online/qtsdkrepository/linux_x64/desktop/qt6_683/qt6_683/qt.qt6.683.linux_gcc_64/6.8.3-0-202503201345icu-linux-Rhel8.6-x86_64.7z
2025-10-20 03:31:41,179 - aqt.installer - INFO - installer 139946949122944 Finished installation of qtwayland-Linux-RHEL_8_10-GCC-Linux-RHEL_8_10-X86_64.7z in 2.43439500
2025-10-20 03:31:41,769 - aqt.helper - DEBUG - helper 140338227379072 Asked to redirect(302) to: https://qt-mirror.dannhauer.de/online/qtsdkrepository/linux_x64/desktop/qt6_683/qt6_683/qt.qt6.683.linux_gcc_64/6.8.3-0-202503201345icu-linux-Rhel8.6-x86_64.7z
2025-10-20 03:31:41,769 - aqt.helper - INFO - helper 140338227379072 Redirected: qt-mirror.dannhauer.de
2025-10-20 03:31:43,696 - aqt.installer - INFO - installer 140338227379072 Finished installation of icu-linux-Rhel8.6-x86_64.7z in 3.12767413
2025-10-20 03:31:51,897 - aqt.installer - INFO - installer 140521807932288 Finished installation of qtdeclarative-Linux-RHEL_8_10-GCC-Linux-RHEL_8_10-X86_64.7z in 18.15759208
2025-10-20 03:31:51,983 - aqt.updater - INFO - updater 140005201763200 Patching /home/runner/work/FreeCAD/Qt/6.8.3/gcc_64/bin/qmake
2025-10-20 03:31:51,988 - aqt.updater - INFO - updater 140005201763200 Patching /home/runner/work/FreeCAD/Qt/6.8.3/gcc_64/lib/pkgconfig/Qt6Qml.pc
2025-10-20 03:31:51,988 - aqt.updater - INFO - updater 140005201763200 Patching /home/runner/work/FreeCAD/Qt/6.8.3/gcc_64/lib/pkgconfig/Qt6QuickControls2Imagine.pc
2025-10-20 03:31:51,988 - aqt.updater - INFO - updater 140005201763200 Patching /home/runner/work/FreeCAD/Qt/6.8.3/gcc_64/lib/pkgconfig/Qt6QmlWorkerScript.pc
2025-10-20 03:31:51,988 - aqt.updater - INFO - updater 140005201763200 Patching /home/runner/work/FreeCAD/Qt/6.8.3/gcc_64/lib/pkgconfig/Qt6Svg.pc
2025-10-20 03:31:51,989 - aqt.updater - INFO - updater 140005201763200 Patching /home/runner/work/FreeCAD/Qt/6.8.3/gcc_64/lib/pkgconfig/Qt6Designer.pc
2025-10-20 03:31:51,989 - aqt.updater - INFO - updater 140005201763200 Patching /home/runner/work/FreeCAD/Qt/6.8.3/gcc_64/lib/pkgconfig/Qt6QuickControls2ImagineStyleImpl.pc
2025-10-20 03:31:51,989 - aqt.updater - INFO - updater 140005201763200 Patching /home/runner/work/FreeCAD/Qt/6.8.3/gcc_64/lib/pkgconfig/Qt6QuickControls2.pc
2025-10-20 03:31:51,989 - aqt.updater - INFO - updater 140005201763200 Patching /home/runner/work/FreeCAD/Qt/6.8.3/gcc_64/lib/pkgconfig/Qt6LabsSharedImage.pc
2025-10-20 03:31:51,990 - aqt.updater - INFO - updater 140005201763200 Patching /home/runner/work/FreeCAD/Qt/6.8.3/gcc_64/lib/pkgconfig/Qt6QmlMeta.pc
2025-10-20 03:31:51,990 - aqt.updater - INFO - updater 140005201763200 Patching /home/runner/work/FreeCAD/Qt/6.8.3/gcc_64/lib/pkgconfig/Qt6LabsFolderListModel.pc
2025-10-20 03:31:51,990 - aqt.updater - INFO - updater 140005201763200 Patching /home/runner/work/FreeCAD/Qt/6.8.3/gcc_64/lib/pkgconfig/Qt6QuickControls2Material.pc
2025-10-20 03:31:51,990 - aqt.updater - INFO - updater 140005201763200 Patching /home/runner/work/FreeCAD/Qt/6.8.3/gcc_64/lib/pkgconfig/Qt6QmlCore.pc
2025-10-20 03:31:51,991 - aqt.updater - INFO - updater 140005201763200 Patching /home/runner/work/FreeCAD/Qt/6.8.3/gcc_64/lib/pkgconfig/Qt6QmlModels.pc
2025-10-20 03:31:51,991 - aqt.updater - INFO - updater 140005201763200 Patching /home/runner/work/FreeCAD/Qt/6.8.3/gcc_64/lib/pkgconfig/Qt6QuickControls2Impl.pc
2025-10-20 03:31:51,991 - aqt.updater - INFO - updater 140005201763200 Patching /home/runner/work/FreeCAD/Qt/6.8.3/gcc_64/lib/pkgconfig/Qt6Xml.pc
2025-10-20 03:31:51,991 - aqt.updater - INFO - updater 140005201763200 Patching /home/runner/work/FreeCAD/Qt/6.8.3/gcc_64/lib/pkgconfig/Qt6QuickDialogs2Utils.pc
2025-10-20 03:31:51,992 - aqt.updater - INFO - updater 140005201763200 Patching /home/runner/work/FreeCAD/Qt/6.8.3/gcc_64/lib/pkgconfig/Qt6Core.pc
2025-10-20 03:31:51,992 - aqt.updater - INFO - updater 140005201763200 Patching /home/runner/work/FreeCAD/Qt/6.8.3/gcc_64/lib/pkgconfig/Qt6QuickDialogs2QuickImpl.pc
2025-10-20 03:31:51,992 - aqt.updater - INFO - updater 140005201763200 Patching /home/runner/work/FreeCAD/Qt/6.8.3/gcc_64/lib/pkgconfig/Qt6SvgWidgets.pc
2025-10-20 03:31:51,992 - aqt.updater - INFO - updater 140005201763200 Patching /home/runner/work/FreeCAD/Qt/6.8.3/gcc_64/lib/pkgconfig/Qt6QuickDialogs2.pc
2025-10-20 03:31:51,992 - aqt.updater - INFO - updater 140005201763200 Patching /home/runner/work/FreeCAD/Qt/6.8.3/gcc_64/lib/pkgconfig/Qt6QmlAssetDownloader.pc
2025-10-20 03:31:51,993 - aqt.updater - INFO - updater 140005201763200 Patching /home/runner/work/FreeCAD/Qt/6.8.3/gcc_64/lib/pkgconfig/Qt6QuickTest.pc
2025-10-20 03:31:51,993 - aqt.updater - INFO - updater 140005201763200 Patching /home/runner/work/FreeCAD/Qt/6.8.3/gcc_64/lib/pkgconfig/Qt6QuickControls2UniversalStyleImpl.pc
2025-10-20 03:31:51,993 - aqt.updater - INFO - updater 140005201763200 Patching /home/runner/work/FreeCAD/Qt/6.8.3/gcc_64/lib/pkgconfig/Qt6Concurrent.pc
2025-10-20 03:31:51,993 - aqt.updater - INFO - updater 140005201763200 Patching /home/runner/work/FreeCAD/Qt/6.8.3/gcc_64/lib/pkgconfig/Qt6QuickLayouts.pc
2025-10-20 03:31:51,994 - aqt.updater - INFO - updater 140005201763200 Patching /home/runner/work/FreeCAD/Qt/6.8.3/gcc_64/lib/pkgconfig/Qt6QuickControls2Fusion.pc
2025-10-20 03:31:51,994 - aqt.updater - INFO - updater 140005201763200 Patching /home/runner/work/FreeCAD/Qt/6.8.3/gcc_64/lib/pkgconfig/Qt6Widgets.pc
2025-10-20 03:31:51,994 - aqt.updater - INFO - updater 140005201763200 Patching /home/runner/work/FreeCAD/Qt/6.8.3/gcc_64/lib/pkgconfig/Qt6QuickControls2MaterialStyleImpl.pc
2025-10-20 03:31:51,994 - aqt.updater - INFO - updater 140005201763200 Patching /home/runner/work/FreeCAD/Qt/6.8.3/gcc_64/lib/pkgconfig/Qt6Linguist.pc
2025-10-20 03:31:51,995 - aqt.updater - INFO - updater 140005201763200 Patching /home/runner/work/FreeCAD/Qt/6.8.3/gcc_64/lib/pkgconfig/Qt6QuickControls2BasicStyleImpl.pc
2025-10-20 03:31:51,995 - aqt.updater - INFO - updater 140005201763200 Patching /home/runner/work/FreeCAD/Qt/6.8.3/gcc_64/lib/pkgconfig/Qt6QmlNetwork.pc
2025-10-20 03:31:51,995 - aqt.updater - INFO - updater 140005201763200 Patching /home/runner/work/FreeCAD/Qt/6.8.3/gcc_64/lib/pkgconfig/Qt6QuickWidgets.pc
2025-10-20 03:31:51,995 - aqt.updater - INFO - updater 140005201763200 Patching /home/runner/work/FreeCAD/Qt/6.8.3/gcc_64/lib/pkgconfig/Qt6QuickVectorImage.pc
2025-10-20 03:31:51,996 - aqt.updater - INFO - updater 140005201763200 Patching /home/runner/work/FreeCAD/Qt/6.8.3/gcc_64/lib/pkgconfig/Qt6OpenGLWidgets.pc
2025-10-20 03:31:51,996 - aqt.updater - INFO - updater 140005201763200 Patching /home/runner/work/FreeCAD/Qt/6.8.3/gcc_64/lib/pkgconfig/Qt6LabsWavefrontMesh.pc
2025-10-20 03:31:51,996 - aqt.updater - INFO - updater 140005201763200 Patching /home/runner/work/FreeCAD/Qt/6.8.3/gcc_64/lib/pkgconfig/Qt6OpenGL.pc
2025-10-20 03:31:51,997 - aqt.updater - INFO - updater 140005201763200 Patching /home/runner/work/FreeCAD/Qt/6.8.3/gcc_64/lib/pkgconfig/Qt6QuickTemplates2.pc
2025-10-20 03:31:51,997 - aqt.updater - INFO - updater 140005201763200 Patching /home/runner/work/FreeCAD/Qt/6.8.3/gcc_64/lib/pkgconfig/Qt6Test.pc
2025-10-20 03:31:51,997 - aqt.updater - INFO - updater 140005201763200 Patching /home/runner/work/FreeCAD/Qt/6.8.3/gcc_64/lib/pkgconfig/Qt6QuickControls2Basic.pc
2025-10-20 03:31:51,997 - aqt.updater - INFO - updater 140005201763200 Patching /home/runner/work/FreeCAD/Qt/6.8.3/gcc_64/lib/pkgconfig/Qt6QmlLocalStorage.pc
2025-10-20 03:31:51,998 - aqt.updater - INFO - updater 140005201763200 Patching /home/runner/work/FreeCAD/Qt/6.8.3/gcc_64/lib/pkgconfig/Qt6QmlIntegration.pc
2025-10-20 03:31:51,998 - aqt.updater - INFO - updater 140005201763200 Patching /home/runner/work/FreeCAD/Qt/6.8.3/gcc_64/lib/pkgconfig/Qt6QuickControls2FluentWinUI3StyleImpl.pc
2025-10-20 03:31:51,998 - aqt.updater - INFO - updater 140005201763200 Patching /home/runner/work/FreeCAD/Qt/6.8.3/gcc_64/lib/pkgconfig/Qt6QuickControls2FusionStyleImpl.pc
2025-10-20 03:31:51,998 - aqt.updater - INFO - updater 140005201763200 Patching /home/runner/work/FreeCAD/Qt/6.8.3/gcc_64/lib/pkgconfig/Qt6Sql.pc
2025-10-20 03:31:51,999 - aqt.updater - INFO - updater 140005201763200 Patching /home/runner/work/FreeCAD/Qt/6.8.3/gcc_64/lib/pkgconfig/Qt6LabsQmlModels.pc
2025-10-20 03:31:51,999 - aqt.updater - INFO - updater 140005201763200 Patching /home/runner/work/FreeCAD/Qt/6.8.3/gcc_64/lib/pkgconfig/Qt6UiPlugin.pc
2025-10-20 03:31:51,999 - aqt.updater - INFO - updater 140005201763200 Patching /home/runner/work/FreeCAD/Qt/6.8.3/gcc_64/lib/pkgconfig/Qt6QmlCompiler.pc
2025-10-20 03:31:51,999 - aqt.updater - INFO - updater 140005201763200 Patching /home/runner/work/FreeCAD/Qt/6.8.3/gcc_64/lib/pkgconfig/Qt6DBus.pc
2025-10-20 03:31:52,000 - aqt.updater - INFO - updater 140005201763200 Patching /home/runner/work/FreeCAD/Qt/6.8.3/gcc_64/lib/pkgconfig/Qt6LabsAnimation.pc
2025-10-20 03:31:52,000 - aqt.updater - INFO - updater 140005201763200 Patching /home/runner/work/FreeCAD/Qt/6.8.3/gcc_64/lib/pkgconfig/Qt6Gui.pc
2025-10-20 03:31:52,000 - aqt.updater - INFO - updater 140005201763200 Patching /home/runner/work/FreeCAD/Qt/6.8.3/gcc_64/lib/pkgconfig/Qt6Quick.pc
2025-10-20 03:31:52,000 - aqt.updater - INFO - updater 140005201763200 Patching /home/runner/work/FreeCAD/Qt/6.8.3/gcc_64/lib/pkgconfig/Qt6QmlXmlListModel.pc
2025-10-20 03:31:52,001 - aqt.updater - INFO - updater 140005201763200 Patching /home/runner/work/FreeCAD/Qt/6.8.3/gcc_64/lib/pkgconfig/Qt6WaylandClient.pc
2025-10-20 03:31:52,001 - aqt.updater - INFO - updater 140005201763200 Patching /home/runner/work/FreeCAD/Qt/6.8.3/gcc_64/lib/pkgconfig/Qt6Platform.pc
2025-10-20 03:31:52,001 - aqt.updater - INFO - updater 140005201763200 Patching /home/runner/work/FreeCAD/Qt/6.8.3/gcc_64/lib/pkgconfig/Qt6Help.pc
2025-10-20 03:31:52,001 - aqt.updater - INFO - updater 140005201763200 Patching /home/runner/work/FreeCAD/Qt/6.8.3/gcc_64/lib/pkgconfig/Qt6LabsPlatform.pc
2025-10-20 03:31:52,002 - aqt.updater - INFO - updater 140005201763200 Patching /home/runner/work/FreeCAD/Qt/6.8.3/gcc_64/lib/pkgconfig/Qt6PrintSupport.pc
2025-10-20 03:31:52,002 - aqt.updater - INFO - updater 140005201763200 Patching /home/runner/work/FreeCAD/Qt/6.8.3/gcc_64/lib/pkgconfig/Qt6Network.pc
2025-10-20 03:31:52,002 - aqt.updater - INFO - updater 140005201763200 Patching /home/runner/work/FreeCAD/Qt/6.8.3/gcc_64/lib/pkgconfig/Qt6UiTools.pc
2025-10-20 03:31:52,002 - aqt.updater - INFO - updater 140005201763200 Patching /home/runner/work/FreeCAD/Qt/6.8.3/gcc_64/lib/pkgconfig/Qt6LabsSettings.pc
2025-10-20 03:31:52,003 - aqt.updater - INFO - updater 140005201763200 Patching /home/runner/work/FreeCAD/Qt/6.8.3/gcc_64/lib/pkgconfig/Qt6QuickControls2Universal.pc
2025-10-20 03:31:52,004 - aqt.updater - INFO - updater 140005201763200 Patching /home/runner/work/FreeCAD/Qt/6.8.3/gcc_64/lib/libQt6PrintSupport.prl
2025-10-20 03:31:52,004 - aqt.updater - INFO - updater 140005201763200 Patching /home/runner/work/FreeCAD/Qt/6.8.3/gcc_64/lib/libQt6QmlToolingSettings.prl
2025-10-20 03:31:52,004 - aqt.updater - INFO - updater 140005201763200 Patching /home/runner/work/FreeCAD/Qt/6.8.3/gcc_64/lib/libQt6EglFsKmsSupport.prl
2025-10-20 03:31:52,004 - aqt.updater - INFO - updater 140005201763200 Patching /home/runner/work/FreeCAD/Qt/6.8.3/gcc_64/lib/libQt6Quick.prl
2025-10-20 03:31:52,005 - aqt.updater - INFO - updater 140005201763200 Patching /home/runner/work/FreeCAD/Qt/6.8.3/gcc_64/lib/libQt6WlShellIntegration.prl
2025-10-20 03:31:52,005 - aqt.updater - INFO - updater 140005201763200 Patching /home/runner/work/FreeCAD/Qt/6.8.3/gcc_64/lib/libQt6EglFsKmsGbmSupport.prl
2025-10-20 03:31:52,005 - aqt.updater - INFO - updater 140005201763200 Patching /home/runner/work/FreeCAD/Qt/6.8.3/gcc_64/lib/libQt6Widgets.prl
2025-10-20 03:31:52,005 - aqt.updater - INFO - updater 140005201763200 Patching /home/runner/work/FreeCAD/Qt/6.8.3/gcc_64/lib/libQt6QmlLS.prl
2025-10-20 03:31:52,006 - aqt.updater - INFO - updater 140005201763200 Patching /home/runner/work/FreeCAD/Qt/6.8.3/gcc_64/lib/libQt6QuickControls2Impl.prl
2025-10-20 03:31:52,006 - aqt.updater - INFO - updater 140005201763200 Patching /home/runner/work/FreeCAD/Qt/6.8.3/gcc_64/lib/libQt6LabsSharedImage.prl
2025-10-20 03:31:52,006 - aqt.updater - INFO - updater 140005201763200 Patching /home/runner/work/FreeCAD/Qt/6.8.3/gcc_64/lib/libQt6QmlDom.prl
2025-10-20 03:31:52,006 - aqt.updater - INFO - updater 140005201763200 Patching /home/runner/work/FreeCAD/Qt/6.8.3/gcc_64/lib/libQt6LabsWavefrontMesh.prl
2025-10-20 03:31:52,007 - aqt.updater - INFO - updater 140005201763200 Patching /home/runner/work/FreeCAD/Qt/6.8.3/gcc_64/lib/libQt6QuickControls2UniversalStyleImpl.prl
2025-10-20 03:31:52,007 - aqt.updater - INFO - updater 140005201763200 Patching /home/runner/work/FreeCAD/Qt/6.8.3/gcc_64/lib/libQt6QuickControls2Fusion.prl
2025-10-20 03:31:52,007 - aqt.updater - INFO - updater 140005201763200 Patching /home/runner/work/FreeCAD/Qt/6.8.3/gcc_64/lib/libQt6LabsQmlModels.prl
2025-10-20 03:31:52,007 - aqt.updater - INFO - updater 140005201763200 Patching /home/runner/work/FreeCAD/Qt/6.8.3/gcc_64/lib/libQt6FbSupport.prl
2025-10-20 03:31:52,008 - aqt.updater - INFO - updater 140005201763200 Patching /home/runner/work/FreeCAD/Qt/6.8.3/gcc_64/lib/libQt6QuickVectorImage.prl
2025-10-20 03:31:52,008 - aqt.updater - INFO - updater 140005201763200 Patching /home/runner/work/FreeCAD/Qt/6.8.3/gcc_64/lib/libQt6Core.prl
2025-10-20 03:31:52,008 - aqt.updater - INFO - updater 140005201763200 Patching /home/runner/work/FreeCAD/Qt/6.8.3/gcc_64/lib/libQt6DeviceDiscoverySupport.prl
2025-10-20 03:31:52,008 - aqt.updater - INFO - updater 140005201763200 Patching /home/runner/work/FreeCAD/Qt/6.8.3/gcc_64/lib/libQt6Help.prl
2025-10-20 03:31:52,009 - aqt.updater - INFO - updater 140005201763200 Patching /home/runner/work/FreeCAD/Qt/6.8.3/gcc_64/lib/libQt6QmlLocalStorage.prl
2025-10-20 03:31:52,009 - aqt.updater - INFO - updater 140005201763200 Patching /home/runner/work/FreeCAD/Qt/6.8.3/gcc_64/lib/libQt6ExamplesAssetDownloader.prl
2025-10-20 03:31:52,009 - aqt.updater - INFO - updater 140005201763200 Patching /home/runner/work/FreeCAD/Qt/6.8.3/gcc_64/lib/libQt6QuickControls2.prl
2025-10-20 03:31:52,009 - aqt.updater - INFO - updater 140005201763200 Patching /home/runner/work/FreeCAD/Qt/6.8.3/gcc_64/lib/libQt6EglFSDeviceIntegration.prl
2025-10-20 03:31:52,010 - aqt.updater - INFO - updater 140005201763200 Patching /home/runner/work/FreeCAD/Qt/6.8.3/gcc_64/lib/libQt6QmlWorkerScript.prl
2025-10-20 03:31:52,010 - aqt.updater - INFO - updater 140005201763200 Patching /home/runner/work/FreeCAD/Qt/6.8.3/gcc_64/lib/libQt6QuickControls2FusionStyleImpl.prl
2025-10-20 03:31:52,010 - aqt.updater - INFO - updater 140005201763200 Patching /home/runner/work/FreeCAD/Qt/6.8.3/gcc_64/lib/libQt6InputSupport.prl
2025-10-20 03:31:52,011 - aqt.updater - INFO - updater 140005201763200 Patching /home/runner/work/FreeCAD/Qt/6.8.3/gcc_64/lib/libQt6QuickEffects.prl
2025-10-20 03:31:52,011 - aqt.updater - INFO - updater 140005201763200 Patching /home/runner/work/FreeCAD/Qt/6.8.3/gcc_64/lib/libQt6QuickControls2ImagineStyleImpl.prl
2025-10-20 03:31:52,011 - aqt.updater - INFO - updater 140005201763200 Patching /home/runner/work/FreeCAD/Qt/6.8.3/gcc_64/lib/libQt6LabsFolderListModel.prl
2025-10-20 03:31:52,011 - aqt.updater - INFO - updater 140005201763200 Patching /home/runner/work/FreeCAD/Qt/6.8.3/gcc_64/lib/libQt6QuickControls2Imagine.prl
2025-10-20 03:31:52,011 - aqt.updater - INFO - updater 140005201763200 Patching /home/runner/work/FreeCAD/Qt/6.8.3/gcc_64/lib/libQt6ExampleIcons.prl
2025-10-20 03:31:52,012 - aqt.updater - INFO - updater 140005201763200 Patching /home/runner/work/FreeCAD/Qt/6.8.3/gcc_64/lib/libQt6QuickControls2BasicStyleImpl.prl
2025-10-20 03:31:52,012 - aqt.updater - INFO - updater 140005201763200 Patching /home/runner/work/FreeCAD/Qt/6.8.3/gcc_64/lib/libQt6QuickTemplates2.prl
2025-10-20 03:31:52,012 - aqt.updater - INFO - updater 140005201763200 Patching /home/runner/work/FreeCAD/Qt/6.8.3/gcc_64/lib/libQt6QmlDebug.prl
2025-10-20 03:31:52,012 - aqt.updater - INFO - updater 140005201763200 Patching /home/runner/work/FreeCAD/Qt/6.8.3/gcc_64/lib/libQt6QuickControls2MaterialStyleImpl.prl
2025-10-20 03:31:52,013 - aqt.updater - INFO - updater 140005201763200 Patching /home/runner/work/FreeCAD/Qt/6.8.3/gcc_64/lib/libQt6OpenGL.prl
2025-10-20 03:31:52,013 - aqt.updater - INFO - updater 140005201763200 Patching /home/runner/work/FreeCAD/Qt/6.8.3/gcc_64/lib/libQt6QuickDialogs2.prl
2025-10-20 03:31:52,013 - aqt.updater - INFO - updater 140005201763200 Patching /home/runner/work/FreeCAD/Qt/6.8.3/gcc_64/lib/libQt6Qml.prl
2025-10-20 03:31:52,013 - aqt.updater - INFO - updater 140005201763200 Patching /home/runner/work/FreeCAD/Qt/6.8.3/gcc_64/lib/libQt6QmlTypeRegistrar.prl
2025-10-20 03:31:52,014 - aqt.updater - INFO - updater 140005201763200 Patching /home/runner/work/FreeCAD/Qt/6.8.3/gcc_64/lib/libQt6Xml.prl
2025-10-20 03:31:52,014 - aqt.updater - INFO - updater 140005201763200 Patching /home/runner/work/FreeCAD/Qt/6.8.3/gcc_64/lib/libQt6XcbQpa.prl
2025-10-20 03:31:52,014 - aqt.updater - INFO - updater 140005201763200 Patching /home/runner/work/FreeCAD/Qt/6.8.3/gcc_64/lib/libQt6QuickControls2Universal.prl
2025-10-20 03:31:52,015 - aqt.updater - INFO - updater 140005201763200 Patching /home/runner/work/FreeCAD/Qt/6.8.3/gcc_64/lib/libQt6QmlNetwork.prl
2025-10-20 03:31:52,015 - aqt.updater - INFO - updater 140005201763200 Patching /home/runner/work/FreeCAD/Qt/6.8.3/gcc_64/lib/libQt6QmlCompiler.prl
2025-10-20 03:31:52,015 - aqt.updater - INFO - updater 140005201763200 Patching /home/runner/work/FreeCAD/Qt/6.8.3/gcc_64/lib/libQt6QmlAssetDownloader.prl
2025-10-20 03:31:52,015 - aqt.updater - INFO - updater 140005201763200 Patching /home/runner/work/FreeCAD/Qt/6.8.3/gcc_64/lib/libQt6QuickDialogs2Utils.prl
2025-10-20 03:31:52,016 - aqt.updater - INFO - updater 140005201763200 Patching /home/runner/work/FreeCAD/Qt/6.8.3/gcc_64/lib/libQt6LabsAnimation.prl
2025-10-20 03:31:52,016 - aqt.updater - INFO - updater 140005201763200 Patching /home/runner/work/FreeCAD/Qt/6.8.3/gcc_64/lib/libQt6QuickControls2Basic.prl
2025-10-20 03:31:52,016 - aqt.updater - INFO - updater 140005201763200 Patching /home/runner/work/FreeCAD/Qt/6.8.3/gcc_64/lib/libQt6QuickControls2Material.prl
2025-10-20 03:31:52,016 - aqt.updater - INFO - updater 140005201763200 Patching /home/runner/work/FreeCAD/Qt/6.8.3/gcc_64/lib/libQt6DesignerComponents.prl
2025-10-20 03:31:52,017 - aqt.updater - INFO - updater 140005201763200 Patching /home/runner/work/FreeCAD/Qt/6.8.3/gcc_64/lib/libQt6LabsSettings.prl
2025-10-20 03:31:52,017 - aqt.updater - INFO - updater 140005201763200 Patching /home/runner/work/FreeCAD/Qt/6.8.3/gcc_64/lib/libQt6Sql.prl
2025-10-20 03:31:52,017 - aqt.updater - INFO - updater 140005201763200 Patching /home/runner/work/FreeCAD/Qt/6.8.3/gcc_64/lib/libQt6QmlModels.prl
2025-10-20 03:31:52,017 - aqt.updater - INFO - updater 140005201763200 Patching /home/runner/work/FreeCAD/Qt/6.8.3/gcc_64/lib/libQt6SvgWidgets.prl
2025-10-20 03:31:52,018 - aqt.updater - INFO - updater 140005201763200 Patching /home/runner/work/FreeCAD/Qt/6.8.3/gcc_64/lib/libQt6Network.prl
2025-10-20 03:31:52,018 - aqt.updater - INFO - updater 140005201763200 Patching /home/runner/work/FreeCAD/Qt/6.8.3/gcc_64/lib/libQt6LabsPlatform.prl
2025-10-20 03:31:52,018 - aqt.updater - INFO - updater 140005201763200 Patching /home/runner/work/FreeCAD/Qt/6.8.3/gcc_64/lib/libQt6QuickTestUtils.prl
2025-10-20 03:31:52,018 - aqt.updater - INFO - updater 140005201763200 Patching /home/runner/work/FreeCAD/Qt/6.8.3/gcc_64/lib/libQt6QuickControlsTestUtils.prl
2025-10-20 03:31:52,019 - aqt.updater - INFO - updater 140005201763200 Patching /home/runner/work/FreeCAD/Qt/6.8.3/gcc_64/lib/libQt6WaylandEglClientHwIntegration.prl
2025-10-20 03:31:52,019 - aqt.updater - INFO - updater 140005201763200 Patching /home/runner/work/FreeCAD/Qt/6.8.3/gcc_64/lib/libQt6Concurrent.prl
2025-10-20 03:31:52,019 - aqt.updater - INFO - updater 140005201763200 Patching /home/runner/work/FreeCAD/Qt/6.8.3/gcc_64/lib/libQt6QuickWidgets.prl
2025-10-20 03:31:52,019 - aqt.updater - INFO - updater 140005201763200 Patching /home/runner/work/FreeCAD/Qt/6.8.3/gcc_64/lib/libQt6Svg.prl
2025-10-20 03:31:52,020 - aqt.updater - INFO - updater 140005201763200 Patching /home/runner/work/FreeCAD/Qt/6.8.3/gcc_64/lib/libQt6QuickTest.prl
2025-10-20 03:31:52,020 - aqt.updater - INFO - updater 140005201763200 Patching /home/runner/work/FreeCAD/Qt/6.8.3/gcc_64/lib/libQt6Test.prl
2025-10-20 03:31:52,020 - aqt.updater - INFO - updater 140005201763200 Patching /home/runner/work/FreeCAD/Qt/6.8.3/gcc_64/lib/libQt6PacketProtocol.prl
2025-10-20 03:31:52,020 - aqt.updater - INFO - updater 140005201763200 Patching /home/runner/work/FreeCAD/Qt/6.8.3/gcc_64/lib/libQt6OpenGLWidgets.prl
2025-10-20 03:31:52,021 - aqt.updater - INFO - updater 140005201763200 Patching /home/runner/work/FreeCAD/Qt/6.8.3/gcc_64/lib/libQt6QuickParticles.prl
2025-10-20 03:31:52,021 - aqt.updater - INFO - updater 140005201763200 Patching /home/runner/work/FreeCAD/Qt/6.8.3/gcc_64/lib/libQt6Designer.prl
2025-10-20 03:31:52,021 - aqt.updater - INFO - updater 140005201763200 Patching /home/runner/work/FreeCAD/Qt/6.8.3/gcc_64/lib/libQt6DBus.prl
2025-10-20 03:31:52,021 - aqt.updater - INFO - updater 140005201763200 Patching /home/runner/work/FreeCAD/Qt/6.8.3/gcc_64/lib/libQt6QmlMeta.prl
2025-10-20 03:31:52,022 - aqt.updater - INFO - updater 140005201763200 Patching /home/runner/work/FreeCAD/Qt/6.8.3/gcc_64/lib/libQt6UiTools.prl
2025-10-20 03:31:52,022 - aqt.updater - INFO - updater 140005201763200 Patching /home/runner/work/FreeCAD/Qt/6.8.3/gcc_64/lib/libQt6QmlCore.prl
2025-10-20 03:31:52,022 - aqt.updater - INFO - updater 140005201763200 Patching /home/runner/work/FreeCAD/Qt/6.8.3/gcc_64/lib/libQt6WaylandClient.prl
2025-10-20 03:31:52,022 - aqt.updater - INFO - updater 140005201763200 Patching /home/runner/work/FreeCAD/Qt/6.8.3/gcc_64/lib/libQt6KmsSupport.prl
2025-10-20 03:31:52,023 - aqt.updater - INFO - updater 140005201763200 Patching /home/runner/work/FreeCAD/Qt/6.8.3/gcc_64/lib/libQt6QuickDialogs2QuickImpl.prl
2025-10-20 03:31:52,023 - aqt.updater - INFO - updater 140005201763200 Patching /home/runner/work/FreeCAD/Qt/6.8.3/gcc_64/lib/libQt6QuickShapes.prl
2025-10-20 03:31:52,023 - aqt.updater - INFO - updater 140005201763200 Patching /home/runner/work/FreeCAD/Qt/6.8.3/gcc_64/lib/libQt6QuickVectorImageGenerator.prl
2025-10-20 03:31:52,023 - aqt.updater - INFO - updater 140005201763200 Patching /home/runner/work/FreeCAD/Qt/6.8.3/gcc_64/lib/libQt6QmlXmlListModel.prl
2025-10-20 03:31:52,024 - aqt.updater - INFO - updater 140005201763200 Patching /home/runner/work/FreeCAD/Qt/6.8.3/gcc_64/lib/libQt6QuickControls2FluentWinUI3StyleImpl.prl
2025-10-20 03:31:52,024 - aqt.updater - INFO - updater 140005201763200 Patching /home/runner/work/FreeCAD/Qt/6.8.3/gcc_64/lib/libQt6Gui.prl
2025-10-20 03:31:52,024 - aqt.updater - INFO - updater 140005201763200 Patching /home/runner/work/FreeCAD/Qt/6.8.3/gcc_64/lib/libQt6QuickLayouts.prl
2025-10-20 03:31:52,024 - aqt.main - INFO - installer 140005201763200 Finished installation
2025-10-20 03:31:52,024 - aqt.main - INFO - installer 140005201763200 Time elapsed: 23.38653036 second
